<?xml version="1.0" encoding="UTF-8"?>
<!-- Generated by org.testng.reporters.JUnitXMLReporter -->
<testsuite hostname="NGBLR-00768" ignored="0" name="Test" tests="1" failures="0" timestamp="28 Mar 2019 05:33:52 GMT" time="0.121" errors="0">
  <testcase name="@BeforeMethod precondition" time="0.096" classname="utility.BaseTest">
    <failure type="java.lang.IllegalAccessError" message="tried to access class org.openqa.selenium.os.ExecutableFinder from class org.openqa.selenium.firefox.FirefoxBinary">
      <![CDATA[java.lang.IllegalAccessError: tried to access class org.openqa.selenium.os.ExecutableFinder from class org.openqa.selenium.firefox.FirefoxBinary
at org.openqa.selenium.firefox.FirefoxBinary.locateFirefoxBinariesFromPlatform(FirefoxBinary.java:418)
at org.openqa.selenium.firefox.FirefoxBinary.<init>(FirefoxBinary.java:108)
at java.util.Optional.orElseGet(Optional.java:267)
at org.openqa.selenium.firefox.FirefoxDriver.toExecutor(FirefoxDriver.java:204)
at org.openqa.selenium.firefox.FirefoxDriver.<init>(FirefoxDriver.java:108)
at org.openqa.selenium.firefox.FirefoxDriver.<init>(FirefoxDriver.java:104)
at utility.BaseTest.precondition(BaseTest.java:16)
... Removed 28 stack frames]]>
    </failure>
  </testcase> <!-- @BeforeMethod precondition -->
  <testcase name="@AfterMethod postcondition" time="0.0" classname="utility.BaseTest">
    <skipped/>
  </testcase> <!-- @AfterMethod postcondition -->
  <testcase name="TS_PIM_01" time="0.0" classname="testdata.TS_PIM_01">
    <skipped/>
  </testcase> <!-- TS_PIM_01 -->
</testsuite> <!-- Test -->
